0 info it worked if it ends with ok
1 verbose cli [ 'C:\\Program Files\\nodejs\\\\node.exe',
1 verbose cli   'C:\\Program Files\\nodejs\\node_modules\\npm\\bin\\npm-cli.js',
1 verbose cli   'install' ]
2 info using npm@2.5.1
3 info using node@v0.12.0
4 verbose node symlink C:\Program Files\nodejs\\node.exe
5 warn package.json Events@0.0.1 No repository field.
6 warn package.json Events@0.0.1 No README data
7 verbose install where, deps [ 'C:\\NodeJSProjects\\Events',
7 verbose install   [ 'vash',
7 verbose install     'express',
7 verbose install     'mongodb',
7 verbose install     'angular',
7 verbose install     'querystring',
7 verbose install     'body-parser' ] ]
8 verbose install where, peers [ 'C:\\NodeJSProjects\\Events', [] ]
9 info preinstall Events@0.0.1
10 warn package.json querystring@0.2.0 querystring is also the name of a node core module.
11 verbose already installed skipping vash@~0.7.12-1 C:\NodeJSProjects\Events
12 verbose already installed skipping mongodb@~1.4.7 C:\NodeJSProjects\Events
13 verbose already installed skipping express@~4.4.3 C:\NodeJSProjects\Events
14 verbose already installed skipping angular@~1.2.19 C:\NodeJSProjects\Events
15 verbose already installed skipping querystring@~0.2.0 C:\NodeJSProjects\Events
16 verbose already installed skipping body-parser@~1.6.2 C:\NodeJSProjects\Events
17 silly install resolved []
18 info build C:\NodeJSProjects\Events
19 verbose linkStuff [ false, false, false, 'C:\\NodeJSProjects' ]
20 info linkStuff Events@0.0.1
21 verbose linkBins Events@0.0.1
22 verbose linkMans Events@0.0.1
23 verbose rebuildBundles Events@0.0.1
24 verbose rebuildBundles [ '.bin',
24 verbose rebuildBundles   'angular',
24 verbose rebuildBundles   'body-parser',
24 verbose rebuildBundles   'bootstrap',
24 verbose rebuildBundles   'connect-flash',
24 verbose rebuildBundles   'cookie-parser',
24 verbose rebuildBundles   'express',
24 verbose rebuildBundles   'express-session',
24 verbose rebuildBundles   'grunt-cli',
24 verbose rebuildBundles   'jquery',
24 verbose rebuildBundles   'jsdom',
24 verbose rebuildBundles   'mongodb',
24 verbose rebuildBundles   'passport',
24 verbose rebuildBundles   'passport-local',
24 verbose rebuildBundles   'querystring',
24 verbose rebuildBundles   'request',
24 verbose rebuildBundles   'scrypt',
24 verbose rebuildBundles   'socket.io',
24 verbose rebuildBundles   'vash',
24 verbose rebuildBundles   'xml2js' ]
25 verbose rebuild bundle C:\NodeJSProjects\Events\node_modules\bootstrap
26 info build C:\NodeJSProjects\Events\node_modules\bootstrap
27 info preinstall bootstrap@3.2.0
28 verbose linkStuff [ false,
28 verbose linkStuff   false,
28 verbose linkStuff   false,
28 verbose linkStuff   'C:\\NodeJSProjects\\Events\\node_modules' ]
29 info linkStuff bootstrap@3.2.0
30 verbose linkBins bootstrap@3.2.0
31 verbose linkMans bootstrap@3.2.0
32 verbose rebuildBundles bootstrap@3.2.0
33 verbose rebuildBundles [ '.bin',
33 verbose rebuildBundles   'btoa',
33 verbose rebuildBundles   'glob',
33 verbose rebuildBundles   'grunt',
33 verbose rebuildBundles   'grunt-autoprefixer',
33 verbose rebuildBundles   'grunt-banner',
33 verbose rebuildBundles   'grunt-contrib-clean',
33 verbose rebuildBundles   'grunt-contrib-concat',
33 verbose rebuildBundles   'grunt-contrib-connect',
33 verbose rebuildBundles   'grunt-contrib-copy',
33 verbose rebuildBundles   'grunt-contrib-csslint',
33 verbose rebuildBundles   'grunt-contrib-cssmin',
33 verbose rebuildBundles   'grunt-contrib-jade',
33 verbose rebuildBundles   'grunt-contrib-jshint',
33 verbose rebuildBundles   'grunt-contrib-less',
33 verbose rebuildBundles   'grunt-contrib-qunit',
33 verbose rebuildBundles   'grunt-contrib-uglify',
33 verbose rebuildBundles   'grunt-contrib-watch',
33 verbose rebuildBundles   'grunt-csscomb',
33 verbose rebuildBundles   'grunt-exec',
33 verbose rebuildBundles   'grunt-html-validation',
33 verbose rebuildBundles   'grunt-jekyll',
33 verbose rebuildBundles   'grunt-jscs-checker',
33 verbose rebuildBundles   'grunt-saucelabs',
33 verbose rebuildBundles   'grunt-sed',
33 verbose rebuildBundles   'load-grunt-tasks',
33 verbose rebuildBundles   'markdown',
33 verbose rebuildBundles   'npm-shrinkwrap',
33 verbose rebuildBundles   'time-grunt' ]
34 info install bootstrap@3.2.0
35 info postinstall bootstrap@3.2.0
36 verbose rebuild bundle C:\NodeJSProjects\Events\node_modules\connect-flash
37 info build C:\NodeJSProjects\Events\node_modules\connect-flash
38 info preinstall connect-flash@0.1.1
39 verbose linkStuff [ false,
39 verbose linkStuff   false,
39 verbose linkStuff   false,
39 verbose linkStuff   'C:\\NodeJSProjects\\Events\\node_modules' ]
40 info linkStuff connect-flash@0.1.1
41 verbose linkBins connect-flash@0.1.1
42 verbose linkMans connect-flash@0.1.1
43 verbose rebuildBundles connect-flash@0.1.1
44 info install connect-flash@0.1.1
45 info postinstall connect-flash@0.1.1
46 verbose rebuild bundle C:\NodeJSProjects\Events\node_modules\cookie-parser
47 info build C:\NodeJSProjects\Events\node_modules\cookie-parser
48 info preinstall cookie-parser@1.3.2
49 verbose linkStuff [ false,
49 verbose linkStuff   false,
49 verbose linkStuff   false,
49 verbose linkStuff   'C:\\NodeJSProjects\\Events\\node_modules' ]
50 info linkStuff cookie-parser@1.3.2
51 verbose linkBins cookie-parser@1.3.2
52 verbose linkMans cookie-parser@1.3.2
53 verbose rebuildBundles cookie-parser@1.3.2
54 verbose rebuildBundles [ 'cookie', 'cookie-signature' ]
55 info install cookie-parser@1.3.2
56 info postinstall cookie-parser@1.3.2
57 verbose rebuild bundle C:\NodeJSProjects\Events\node_modules\express-session
58 info build C:\NodeJSProjects\Events\node_modules\express-session
59 info preinstall express-session@1.7.6
60 verbose linkStuff [ false,
60 verbose linkStuff   false,
60 verbose linkStuff   false,
60 verbose linkStuff   'C:\\NodeJSProjects\\Events\\node_modules' ]
61 info linkStuff express-session@1.7.6
62 verbose linkBins express-session@1.7.6
63 verbose linkMans express-session@1.7.6
64 verbose rebuildBundles express-session@1.7.6
65 verbose rebuildBundles [ 'buffer-crc32',
65 verbose rebuildBundles   'cookie',
65 verbose rebuildBundles   'cookie-signature',
65 verbose rebuildBundles   'debug',
65 verbose rebuildBundles   'depd',
65 verbose rebuildBundles   'on-headers',
65 verbose rebuildBundles   'parseurl',
65 verbose rebuildBundles   'uid-safe',
65 verbose rebuildBundles   'utils-merge' ]
66 info install express-session@1.7.6
67 info postinstall express-session@1.7.6
68 verbose rebuild bundle C:\NodeJSProjects\Events\node_modules\grunt-cli
69 info build C:\NodeJSProjects\Events\node_modules\grunt-cli
70 info preinstall grunt-cli@0.1.13
71 verbose linkStuff [ false,
71 verbose linkStuff   false,
71 verbose linkStuff   false,
71 verbose linkStuff   'C:\\NodeJSProjects\\Events\\node_modules' ]
72 info linkStuff grunt-cli@0.1.13
73 warn prefer global grunt-cli@0.1.13 should be installed with -g
74 verbose linkBins grunt-cli@0.1.13
75 verbose link bins [ { grunt: 'bin/grunt' },
75 verbose link bins   'C:\\NodeJSProjects\\Events\\node_modules\\.bin',
75 verbose link bins   false ]
76 verbose linkMans grunt-cli@0.1.13
77 verbose rebuildBundles grunt-cli@0.1.13
78 verbose rebuildBundles [ '.bin', 'findup-sync', 'nopt', 'resolve' ]
79 info install grunt-cli@0.1.13
80 info postinstall grunt-cli@0.1.13
81 verbose rebuild bundle C:\NodeJSProjects\Events\node_modules\jquery
82 info build C:\NodeJSProjects\Events\node_modules\jquery
83 info preinstall jquery@2.1.1
84 verbose linkStuff [ false,
84 verbose linkStuff   false,
84 verbose linkStuff   false,
84 verbose linkStuff   'C:\\NodeJSProjects\\Events\\node_modules' ]
85 info linkStuff jquery@2.1.1
86 verbose linkBins jquery@2.1.1
87 verbose linkMans jquery@2.1.1
88 verbose rebuildBundles jquery@2.1.1
89 info install jquery@2.1.1
90 info postinstall jquery@2.1.1
91 verbose rebuild bundle C:\NodeJSProjects\Events\node_modules\jsdom
92 info build C:\NodeJSProjects\Events\node_modules\jsdom
93 info preinstall jsdom@1.0.0-pre.6
94 verbose linkStuff [ false,
94 verbose linkStuff   false,
94 verbose linkStuff   false,
94 verbose linkStuff   'C:\\NodeJSProjects\\Events\\node_modules' ]
95 info linkStuff jsdom@1.0.0-pre.6
96 verbose linkBins jsdom@1.0.0-pre.6
97 verbose linkMans jsdom@1.0.0-pre.6
98 verbose rebuildBundles jsdom@1.0.0-pre.6
99 verbose rebuildBundles [ 'contextify',
99 verbose rebuildBundles   'cssom',
99 verbose rebuildBundles   'cssstyle',
99 verbose rebuildBundles   'htmlparser2',
99 verbose rebuildBundles   'nwmatcher',
99 verbose rebuildBundles   'parse5',
99 verbose rebuildBundles   'request',
99 verbose rebuildBundles   'xmlhttprequest' ]
100 info install jsdom@1.0.0-pre.6
101 info postinstall jsdom@1.0.0-pre.6
102 verbose rebuild bundle C:\NodeJSProjects\Events\node_modules\passport
103 info build C:\NodeJSProjects\Events\node_modules\passport
104 info preinstall passport@0.2.0
105 verbose linkStuff [ false,
105 verbose linkStuff   false,
105 verbose linkStuff   false,
105 verbose linkStuff   'C:\\NodeJSProjects\\Events\\node_modules' ]
106 info linkStuff passport@0.2.0
107 verbose linkBins passport@0.2.0
108 verbose linkMans passport@0.2.0
109 verbose rebuildBundles passport@0.2.0
110 verbose rebuildBundles [ 'passport-strategy', 'pause' ]
111 info install passport@0.2.0
112 info postinstall passport@0.2.0
113 verbose rebuild bundle C:\NodeJSProjects\Events\node_modules\passport-local
114 info build C:\NodeJSProjects\Events\node_modules\passport-local
115 info preinstall passport-local@1.0.0
116 verbose linkStuff [ false,
116 verbose linkStuff   false,
116 verbose linkStuff   false,
116 verbose linkStuff   'C:\\NodeJSProjects\\Events\\node_modules' ]
117 info linkStuff passport-local@1.0.0
118 verbose linkBins passport-local@1.0.0
119 verbose linkMans passport-local@1.0.0
120 verbose rebuildBundles passport-local@1.0.0
121 verbose rebuildBundles [ 'passport-strategy' ]
122 info install passport-local@1.0.0
123 info postinstall passport-local@1.0.0
124 verbose rebuild bundle C:\NodeJSProjects\Events\node_modules\request
125 info build C:\NodeJSProjects\Events\node_modules\request
126 info preinstall request@2.42.0
127 verbose linkStuff [ false,
127 verbose linkStuff   false,
127 verbose linkStuff   false,
127 verbose linkStuff   'C:\\NodeJSProjects\\Events\\node_modules' ]
128 info linkStuff request@2.42.0
129 verbose linkBins request@2.42.0
130 verbose linkMans request@2.42.0
131 verbose rebuildBundles request@2.42.0
132 verbose rebuildBundles [ 'aws-sign2',
132 verbose rebuildBundles   'bl',
132 verbose rebuildBundles   'caseless',
132 verbose rebuildBundles   'forever-agent',
132 verbose rebuildBundles   'form-data',
132 verbose rebuildBundles   'hawk',
132 verbose rebuildBundles   'http-signature',
132 verbose rebuildBundles   'json-stringify-safe',
132 verbose rebuildBundles   'mime-types',
132 verbose rebuildBundles   'node-uuid',
132 verbose rebuildBundles   'oauth-sign',
132 verbose rebuildBundles   'qs',
132 verbose rebuildBundles   'stringstream',
132 verbose rebuildBundles   'tough-cookie',
132 verbose rebuildBundles   'tunnel-agent' ]
133 info install request@2.42.0
134 info postinstall request@2.42.0
135 verbose rebuild bundle C:\NodeJSProjects\Events\node_modules\scrypt
136 info build C:\NodeJSProjects\Events\node_modules\scrypt
137 info preinstall scrypt@3.0.1
138 verbose linkStuff [ false,
138 verbose linkStuff   false,
138 verbose linkStuff   false,
138 verbose linkStuff   'C:\\NodeJSProjects\\Events\\node_modules' ]
139 info linkStuff scrypt@3.0.1
140 verbose linkBins scrypt@3.0.1
141 verbose linkMans scrypt@3.0.1
142 verbose rebuildBundles scrypt@3.0.1
143 info install scrypt@3.0.1
144 verbose unsafe-perm in lifecycle true
145 info scrypt@3.0.1 Failed to exec install script
146 verbose stack Error: scrypt@3.0.1 install: `node-gyp rebuild`
146 verbose stack Exit status 1
146 verbose stack     at EventEmitter.<anonymous> (C:\Program Files\nodejs\node_modules\npm\lib\utils\lifecycle.js:213:16)
146 verbose stack     at EventEmitter.emit (events.js:110:17)
146 verbose stack     at ChildProcess.<anonymous> (C:\Program Files\nodejs\node_modules\npm\lib\utils\spawn.js:14:12)
146 verbose stack     at ChildProcess.emit (events.js:110:17)
146 verbose stack     at maybeClose (child_process.js:1008:16)
146 verbose stack     at Process.ChildProcess._handle.onexit (child_process.js:1080:5)
147 verbose pkgid scrypt@3.0.1
148 verbose cwd C:\NodeJSProjects\Events
149 error Windows_NT 6.3.9600
150 error argv "C:\\Program Files\\nodejs\\\\node.exe" "C:\\Program Files\\nodejs\\node_modules\\npm\\bin\\npm-cli.js" "install"
151 error node v0.12.0
152 error npm  v2.5.1
153 error code ELIFECYCLE
154 error scrypt@3.0.1 install: `node-gyp rebuild`
154 error Exit status 1
155 error Failed at the scrypt@3.0.1 install script 'node-gyp rebuild'.
155 error This is most likely a problem with the scrypt package,
155 error not with npm itself.
155 error Tell the author that this fails on your system:
155 error     node-gyp rebuild
155 error You can get their info via:
155 error     npm owner ls scrypt
155 error There is likely additional logging output above.
156 verbose exit [ 1, true ]
